[2016.06.14-04.24.45:085][  0]Log file open, 06/13/16 23:24:45
[2016.06.14-04.24.45:085][  0]LogInit:Display: Running engine for game: Shooter
[2016.06.14-04.24.45:085][  0]LogPlatformFile: Not using cached read wrapper
[2016.06.14-04.24.45:085][  0]LogInit:Display: RandInit(1828958061) SRandInit(1828958064).
[2016.06.14-04.24.45:085][  0]LogTaskGraph: Started task graph with 4 named threads and 5 total threads.
[2016.06.14-04.24.45:085][  0]LogStats: Stats thread started at 0.171170
[2016.06.14-04.24.45:085][  0]LogInit: Version: 4.10.4-2872498+++depot+UE4-Releases+4.10
[2016.06.14-04.24.45:085][  0]LogInit: API Version: 2758231
[2016.06.14-04.24.45:085][  0]LogInit: Compiled (64-bit): Feb 18 2016 15:47:04
[2016.06.14-04.24.45:085][  0]LogInit: Compiled with Visual C++: 19.00.23026.00
[2016.06.14-04.24.45:085][  0]LogInit: Build Configuration: Development
[2016.06.14-04.24.45:085][  0]LogInit: Branch Name: ++depot+UE4-Releases+4.10
[2016.06.14-04.24.45:085][  0]LogInit: Command line: -EpicPortal 
[2016.06.14-04.24.45:085][  0]LogInit: Base directory: C:/Program Files (x86)/Epic Games/4.10/Engine/Binaries/Win64/
[2016.06.14-04.24.45:085][  0]LogInit: Rocket: 1
[2016.06.14-04.24.45:105][  0]LogInit: Using libcurl 7.41.0
[2016.06.14-04.24.45:105][  0]LogInit:  - built for x86_64-pc-win32
[2016.06.14-04.24.45:105][  0]LogInit:  - supports SSL with WinSSL
[2016.06.14-04.24.45:105][  0]LogInit:  - other features:
[2016.06.14-04.24.45:105][  0]LogInit:      CURL_VERSION_SSL
[2016.06.14-04.24.45:105][  0]LogInit:      CURL_VERSION_IPV6
[2016.06.14-04.24.45:105][  0]LogInit:      CURL_VERSION_ASYNCHDNS
[2016.06.14-04.24.45:105][  0]LogInit:      CURL_VERSION_LARGEFILE
[2016.06.14-04.24.45:105][  0]LogInit:      CURL_VERSION_IDN
[2016.06.14-04.24.45:105][  0]LogInit:  CurlRequestOptions (configurable via config and command line):
[2016.06.14-04.24.45:105][  0]LogInit:  - bVerifyPeer = true  - Libcurl will verify peer certificate
[2016.06.14-04.24.45:105][  0]LogInit:  - bUseHttpProxy = false  - Libcurl will NOT use HTTP proxy
[2016.06.14-04.24.45:105][  0]LogInit:  - bDontReuseConnections = false  - Libcurl will reuse connections
[2016.06.14-04.24.45:105][  0]LogInit:  - CertBundlePath = nullptr  - Libcurl will use whatever was configured at build time.
[2016.06.14-04.24.45:121][  0]LogInit: Presizing for 0 objects not considered by GC, pre-allocating 0 bytes.
[2016.06.14-04.24.45:136][  0]LogInit: Object subsystem initialized
[2016.06.14-04.24.45:138][  0]LogInit: Selected Device Profile: [Windows]
[2016.06.14-04.24.45:138][  0]LogInit: Applying CVar settings loaded from the selected device profile: [Windows]
[2016.06.14-04.24.45:169][  0]LogInit: Computer: PEDRO-POUCEL
[2016.06.14-04.24.45:169][  0]LogInit: User: Pedro
[2016.06.14-04.24.45:169][  0]LogInit: CPU Page size=4096, Cores=2
[2016.06.14-04.24.45:169][  0]LogInit: High frequency timer resolution =1.754519 MHz
[2016.06.14-04.24.45:169][  0]LogMemory: Memory total: Physical=11.2GB (12GB approx)
[2016.06.14-04.24.45:169][  0]LogMemory: Platform Memory Stats for Windows
[2016.06.14-04.24.45:169][  0]LogMemory: Process Physical Memory: 54.33 MB used, 54.33 MB peak
[2016.06.14-04.24.45:169][  0]LogMemory: Process Virtual Memory: 57.40 MB used, 57.40 MB peak
[2016.06.14-04.24.45:169][  0]LogMemory: Physical Memory: 4840.02 MB used, 11483.68 MB total
[2016.06.14-04.24.45:169][  0]LogMemory: Virtual Memory: 360.86 MB used, 134217728.00 MB total
[2016.06.14-04.24.45:291][  0]LogTextLocalizationManager: No specific translations for ('es-MX') exist, so ('es') translations will be used.
[2016.06.14-04.24.45:945][  0]LogD3D11RHI: Found D3D11 adapter 0: AMD Radeon(TM) R6 Graphics (Feature Level 11_0)
[2016.06.14-04.24.45:945][  0]LogD3D11RHI: Adapter has 2528MB of dedicated video memory, 0MB of dedicated system memory, and 3840MB of shared system memory, 1 output[s]
[2016.06.14-04.24.45:951][  0]LogD3D11RHI: Found D3D11 adapter 1: Microsoft Basic Render Driver (Feature Level 11_0)
[2016.06.14-04.24.45:951][  0]LogD3D11RHI: Adapter has 0MB of dedicated video memory, 0MB of dedicated system memory, and 256MB of shared system memory, 0 output[s]
[2016.06.14-04.24.45:951][  0]LogD3D11RHI: Chosen D3D11 Adapter Id = 0
[2016.06.14-04.24.45:964][  0]LogD3D11RHI: !Direct3DDevice
[2016.06.14-04.24.45:964][  0]LogRHI: Texture pool is 1361 MB (70% of 1945 MB)
[2016.06.14-04.24.45:994][  0]LogD3D11RHI: Async texture creation disabled: no driver support
[2016.06.14-04.24.46:012][  0]LogShaderCompilers: Guid format shader working directory is -14 characters bigger than the processId version (../../../../../../Users/Pedro/Documents/GitHub/Game/Shooter/Intermediate/Shaders/WorkingDirectory/10004/).
[2016.06.14-04.24.46:013][  0]LogShaderCompilers: Cleaned the shader compiler working directory 'C:/Users/Pedro/AppData/Local/Temp/UnrealShaderWorkingDir/F1DEB12141C67995C987ACBC79F110F4/'.
[2016.06.14-04.24.46:013][  0]LogShaderCompilers:Display: Using Local Shader Compiler.
[2016.06.14-04.24.48:950][  0]LogTemp:Display: Loaded TP AllDesktopTargetPlatform
[2016.06.14-04.24.48:961][  0]LogTemp:Display: Loaded TP WindowsClientTargetPlatform
[2016.06.14-04.24.48:975][  0]LogTemp:Display: Loaded TP WindowsNoEditorTargetPlatform
[2016.06.14-04.24.48:988][  0]LogTemp:Display: Loaded TP WindowsServerTargetPlatform
[2016.06.14-04.24.49:000][  0]LogTemp:Display: Loaded TP WindowsTargetPlatform
[2016.06.14-04.24.49:013][  0]LogTemp:Display: Loaded TP AndroidTargetPlatform
[2016.06.14-04.24.49:023][  0]LogTemp:Display: Loaded TP Android_ASTCTargetPlatform
[2016.06.14-04.24.49:034][  0]LogTemp:Display: Loaded TP Android_ATCTargetPlatform
[2016.06.14-04.24.49:045][  0]LogTemp:Display: Loaded TP Android_DXTTargetPlatform
[2016.06.14-04.24.49:056][  0]LogTemp:Display: Loaded TP Android_ETC1TargetPlatform
[2016.06.14-04.24.49:067][  0]LogTemp:Display: Loaded TP Android_ETC2TargetPlatform
[2016.06.14-04.24.49:089][  0]LogTemp:Display: Loaded TP Android_MultiTargetPlatform
[2016.06.14-04.24.49:089][  0]LogTemp:Display: Loaded TP Android_PVRTCTargetPlatform
[2016.06.14-04.24.49:095][  0]LogTemp:Display: Loaded TP HTML5TargetPlatform
[2016.06.14-04.24.49:131][  0]LogTemp:Display: Loaded TP IOSTargetPlatform
[2016.06.14-04.24.49:142][  0]LogTemp:Display: Loaded TP LinuxNoEditorTargetPlatform
[2016.06.14-04.24.49:153][  0]LogTemp:Display: Loaded TP LinuxServerTargetPlatform
[2016.06.14-04.24.49:166][  0]LogTemp:Display: Loaded TP LinuxTargetPlatform
[2016.06.14-04.24.49:166][  0]LogTargetPlatformManager:Display: Building Assets For Windows
[2016.06.14-04.24.49:367][  0]LogDerivedDataCache:Display: Max Cache Size: 512 MB
[2016.06.14-04.24.49:506][  0]LogDerivedDataCache: Loaded boot cache 0.14s 41MB C:/Users/Pedro/AppData/Local/UnrealEngine/4.10/DerivedDataCache/Boot.ddc.
[2016.06.14-04.24.49:506][  0]LogDerivedDataCache:Display: Loaded Boot cache: C:/Users/Pedro/AppData/Local/UnrealEngine/4.10/DerivedDataCache/Boot.ddc
[2016.06.14-04.24.49:506][  0]LogDerivedDataCache: FDerivedDataBackendGraph:  Pak pak cache file ../../../../../../Users/Pedro/Documents/GitHub/Game/Shooter/DerivedDataCache/DDC.ddp not found, will not use a pak cache.
[2016.06.14-04.24.49:506][  0]LogDerivedDataCache: Unable to find inner node Pak for hierarchical cache Hierarchy.
[2016.06.14-04.24.49:506][  0]LogDerivedDataCache: FDerivedDataBackendGraph:  CompressedPak pak cache file ../../../../../../Users/Pedro/Documents/GitHub/Game/Shooter/DerivedDataCache/Compressed.ddp not found, will not use a pak cache.
[2016.06.14-04.24.49:506][  0]LogDerivedDataCache: Unable to find inner node CompressedPak for hierarchical cache Hierarchy.
[2016.06.14-04.24.49:615][  0]LogDerivedDataCache:Display: Pak cache opened for reading ../../../Engine/DerivedDataCache/Compressed.ddp.
[2016.06.14-04.24.49:630][  0]LogDerivedDataCache: Using Local data cache path C:/Users/Pedro/AppData/Local/UnrealEngine/Common/DerivedDataCache: Writable
[2016.06.14-04.24.50:244][  0]LogInit: Selected Device Profile: [Windows]
[2016.06.14-04.24.50:250][  0]LogContentStreaming: Texture pool size is 0.000000MB
[2016.06.14-04.24.50:505][  0]LogMeshUtilities: No automatic mesh reduction module available
[2016.06.14-04.24.50:506][  0]LogMeshUtilities: No automatic mesh merging module available
[2016.06.14-04.24.51:162][  0]LogInit: WinSock: version 1.1 (2.2), MaxSocks=32767, MaxUdp=65467
[2016.06.14-04.24.55:752][  0]UdpMessaging: Initializing bridge on interface 0.0.0.0:0 to multicast group 230.0.0.1:6666.
[2016.06.14-04.24.55:998][  0]LogAssetRegistry: FAssetRegistry took 0.0125 seconds to start up
[2016.06.14-04.24.56:473][  0]SourceControl: Información El control de código fuente está desactivado
[2016.06.14-04.24.56:498][  0]SourceControl: Información El control de código fuente está desactivado
[2016.06.14-04.24.56:524][  0]SourceControl: Información El control de código fuente está desactivado
[2016.06.14-04.24.56:552][  0]SourceControl: Información El control de código fuente está desactivado
[2016.06.14-04.24.57:250][  0]LogObj: 28633 objects as part of root set at end of initial load.
[2016.06.14-04.24.57:250][  0]LogUObjectAllocator: 6099752 out of 0 bytes used by permanent object pool.
[2016.06.14-04.24.57:371][  0]LogEngine: Initializing Engine...
[2016.06.14-04.24.57:387][  0]LogHMD: Can't find Oculus library dev build: is proper Runtime installed? Version: 0.8.0.0
[2016.06.14-04.24.57:390][  0]LogHMD: SteamVR failed to initialize.  Err: 110
[2016.06.14-04.24.57:721][  0]LogAIModule: Creating AISystem for world NewWorld
[2016.06.14-04.24.57:744][  0]LogInit: XAudio2 using 'Altavoces (Realtek High Definition Audio)' : 2 channels at 48 kHz using 32 bits per sample (channel mask 0x3)
[2016.06.14-04.24.57:770][  0]LogInit: FAudioDevice initialized.
[2016.06.14-04.24.57:836][  0]LogDerivedDataCache: Saved boot cache 0.06s 41MB C:/Users/Pedro/AppData/Local/UnrealEngine/4.10/DerivedDataCache/Boot.ddc.
[2016.06.14-04.24.57:852][  0]LogInit: Texture streaming: Enabled
[2016.06.14-04.24.57:866][  0]LogAnalytics: Creating configured Analytics provider AnalyticsET
[2016.06.14-04.24.57:866][  0]LogAnalytics: [UEEditor.Rocket.Release] APIServer = http://et2.epicgames.com/ET2/. AppVersion = 4.10.4-2872498+++depot+UE4-Releases+4.10
[2016.06.14-04.24.57:866][  0]LogAnalytics: [UEEditor.Rocket.Release] SetUserId 6883fa734cbcedc1e92cfcb78f4dd8c3|4cf6c898ea414eb5be0ad12b86ae91ce|815a79b3-8e5f-4063-82af-f4a1df22fb33
[2016.06.14-04.24.57:867][  0]LogAnalytics: [UEEditor.Rocket.Release] AnalyticsET::StartSession
[2016.06.14-04.24.57:893][  0]LogInit: Transaction tracking system initialized
[2016.06.14-04.24.57:974][  0]BlueprintLog: New page: Cargar el editor
[2016.06.14-04.24.58:568][  0]LocalizationService: Información Localization service is disabled
[2016.06.14-04.24.59:022][  0]LogConsoleResponse:Display: 
[2016.06.14-04.24.59:420][  0]LogCook:Display: Done creating registry. It took  0.00s.
[2016.06.14-04.24.59:607][  0]LogFileCache: Scanning file cache for directory 'C:/Users/Pedro/Documents/GitHub/Game/Shooter/Content/' took 0.02s
[2016.06.14-04.24.59:607][  0]SourceControl: Información El control de código fuente está desactivado
[2016.06.14-04.24.59:608][  0]Cmd: MAP LOAD FILE="../../../../../../Users/Pedro/Documents/GitHub/Game/Shooter/Content/StarterContent/Maps/Minimal_Default.umap" TEMPLATE=0 SHOWPROGRESS=1 FEATURELEVEL=3
[2016.06.14-04.24.59:613][  0]LightingResults: New page: Diseñar la iluminación
[2016.06.14-04.24.59:618][  0]MapCheck: New page: Revisión del mapa
[2016.06.14-04.24.59:618][  0]LightingResults: New page: Diseñar la iluminación
[2016.06.14-04.24.59:660][  0]LogParticles: Destroying 0 GPU particle simulations for FXSystem 0x0000007031117B00
[2016.06.14-04.25.01:013][  0]LogAIModule: Creating AISystem for world Minimal_Default
[2016.06.14-04.25.01:032][  0]LogEditorServer: Finished looking for orphan Actors (0.000 secs)
[2016.06.14-04.25.01:033][  0]Cmd: MAP CHECKDEP NOCLEARLOG
[2016.06.14-04.25.01:493][  0]MapCheck: Información Map check complete: 0 Error(s), 0 Warning(s), took 459.837ms to complete.
[2016.06.14-04.25.01:493][  0]LogFileHelpers: Loading map 'Minimal_Default' took 1.886
[2016.06.14-04.25.01:720][  0]LogCollectionManager: Loaded 0 collections in 0.003389 seconds
[2016.06.14-04.25.01:769][  0]LogFileCache: Scanning file cache for directory 'C:/Users/Pedro/Documents/GitHub/Game/Shooter/Saved/Collections/' took 0.01s
[2016.06.14-04.25.01:769][  0]LogFileCache: Scanning file cache for directory 'C:/Users/Pedro/Documents/GitHub/Game/Shooter/Content/Developers/Pedro/Collections/' took 0.01s
[2016.06.14-04.25.01:769][  0]LogFileCache: Scanning file cache for directory 'C:/Users/Pedro/Documents/GitHub/Game/Shooter/Content/Collections/' took 0.01s
[2016.06.14-04.25.01:769][  0]LogCollectionManager: Rebuilt the GUID cache for 0 collections in 0.000004 seconds
[2016.06.14-04.25.01:786][  0]LogContentBrowser: Native class hierarchy populated in 0.0165 seconds. Added 1893 classes and 338 folders.
[2016.06.14-04.25.01:832][  0]LogContentBrowser: Native class hierarchy updated for 'WidgetCarousel' in 0.0009 seconds. Added 0 classes and 0 folders.
[2016.06.14-04.25.02:005][  0]LogContentBrowser: Native class hierarchy updated for 'AddContentDialog' in 0.0008 seconds. Added 0 classes and 0 folders.
[2016.06.14-04.25.02:014][  0]LogContentBrowser: Native class hierarchy updated for 'SceneOutliner' in 0.0009 seconds. Added 1 classes and 2 folders.
[2016.06.14-04.25.02:066][  0]LogCrashTracker: Crashtracker disabled due to settings.
[2016.06.14-04.25.02:077][  0]LogUObjectGlobals:Warning: Error al encontrar el objeto 'Class Ninguno.'
[2016.06.14-04.25.02:108][  0]LogLoad: Full Startup: 18.11 seconds (BP compile: 0.12 seconds)
[2016.06.14-04.25.02:134][  0]LogOcInput: Can't find Oculus library dev build: is proper Runtime installed? Version: 0.8.0.0
[2016.06.14-04.25.02:275][  0]LogContentStreaming: Texture pool size now 200 MB
[2016.06.14-04.25.02:526][  0]LogRenderer: Reallocating scene render targets to support 856x396 (Frame:2).
[2016.06.14-04.25.03:680][  5]LogAssetRegistry: Asset discovery search completed in 7.6940 seconds
[2016.06.14-04.25.03:680][  5]LogCollectionManager: Rebuilt the object cache for 0 collections in 0.000002 seconds (found 0 objects)
[2016.06.14-04.25.03:680][  5]LogCollectionManager: Fixed up redirectors for 0 collections in 0.000052 seconds (updated 0 objects)
[2016.06.14-04.25.26:176][398]LogTexture:Display: Generando texturas: UE4_Mannequin_occlusion_Mobile (DXT1)
[2016.06.14-04.25.26:815][398]LogTexture:Display: Generando texturas: UE4_Mannequin_MAT_MASKA (AutoDXT)
[2016.06.14-04.25.27:609][398]LogTexture:Display: Generando texturas: UE4_Mannequin__normals (BC5)
[2016.06.14-04.25.29:703][398]LogTexture:Display: Generando texturas: T_ML_Aluminum01_N (BC5)
[2016.06.14-04.25.29:870][398]LogTexture:Display: Generando texturas: T_ML_Aluminum01 (DXT1)
[2016.06.14-04.25.30:545][398]LogTexture:Display: Generando texturas: T_ML_Rubber_Blue_01_N (BC5)
[2016.06.14-04.25.30:701][398]LogTexture:Display: Generando texturas: T_ML_Rubber_Blue_01_D (DXT1)
[2016.06.14-04.25.31:514][398]LogMaterial: Missing cached shader map for material M_UE4Man_Body, compiling. 
[2016.06.14-04.25.31:659][398]LogTexture:Display: Generando texturas: UE4Man_Logo_N (BC5)
[2016.06.14-04.25.31:802][398]LogMaterial: Missing cached shader map for material M_UE4Man_Body, compiling. 
[2016.06.14-04.25.33:287][398]LogSkeletalMesh: InitArticulated: Bodies already created (/Engine/Transient.DebugSkelMeshComponent_0) - call TermArticulated first.
[2016.06.14-04.25.35:313][398]LogContentBrowser:Verbose: The majority of assets in the view are of type: AnimSequence
[2016.06.14-04.26.15:817][609]LogTexture:Display: Generando texturas: UE4_Mannequin_occlusion_Mobile (AutoDXT)
[2016.06.14-04.26.38:922][609]LogTexture:Display: Generando texturas: T_ML_FineRubber (AutoDXT)
[2016.06.14-04.26.58:295][609]LogTexture:Display: Generando texturas: T_FPGun_AO (BGRA8)
[2016.06.14-04.26.59:158][609]LogTexture:Display: Generando texturas: UE4_LOGO_CARD (AutoDXT)
[2016.06.14-04.27.12:480][609]LogTexture:Display: Generando texturas: T_FPGun_M (AutoDXT)
[2016.06.14-04.27.16:288][609]LogMaterial: Missing cached shader map for material M_FPGun, compiling. 
[2016.06.14-04.27.16:598][609]LogSkeletalMesh: InitArticulated: Bodies already created (/Engine/Transient.DebugSkelMeshComponent_3) - call TermArticulated first.
[2016.06.14-04.27.16:881][609]LogRenderer: Reallocating scene render targets to support 856x604 (Frame:2173).
[2016.06.14-04.28.16:218][573]LogRenderer: Reallocating scene render targets to support 856x640 (Frame:4032).
[2016.06.14-04.37.25:052][126]LogParticles: Destroying 0 GPU particle simulations for FXSystem 0x000000703C414F40
[2016.06.14-04.37.25:056][126]LogParticles: Destroying 0 GPU particle simulations for FXSystem 0x000000703C4149A0
[2016.06.14-04.37.25:057][126]LogParticles: Destroying 0 GPU particle simulations for FXSystem 0x000000703EA6F240
[2016.06.14-04.37.25:058][126]LogParticles: Destroying 0 GPU particle simulations for FXSystem 0x000000703CF38720
[2016.06.14-04.37.25:061][126]LogParticles: Destroying 0 GPU particle simulations for FXSystem 0x0000007043B80CC0
[2016.06.14-04.37.25:063][126]LogParticles: Destroying 0 GPU particle simulations for FXSystem 0x0000007043B80720
[2016.06.14-04.37.25:069][126]LogParticles: Destroying 0 GPU particle simulations for FXSystem 0x000000703E0F28E0
[2016.06.14-04.37.25:094][126]LogFileHelpers: Editor autosave (incl. sublevels) for '/Game/StarterContent/Maps/Minimal_Default' took 0.104
[2016.06.14-04.47.25:712][556]LogFileHelpers: Editor autosave (incl. sublevels) for '/Game/StarterContent/Maps/Minimal_Default' took 0.051
[2016.06.14-04.50.01:862][ 78]LogWindowsTextInputMethodSystem:Display: IME system now deactivated.
[2016.06.14-04.50.02:186][ 79]Cmd: QUIT_EDITOR
[2016.06.14-04.50.02:532][ 79]LogExit: Preparing to exit.
[2016.06.14-04.50.03:768][ 79]LogExit: Editor shut down
[2016.06.14-04.50.03:768][ 79]LogExit: Transaction tracking system shut down
[2016.06.14-04.50.03:774][ 79]LogParticles: Destroying 0 GPU particle simulations for FXSystem 0x0000007022615580
[2016.06.14-04.50.03:775][ 79]LogParticles: Destroying 0 GPU particle simulations for FXSystem 0x0000007035A4D440
[2016.06.14-04.50.03:776][ 79]LogParticles: Destroying 0 GPU particle simulations for FXSystem 0x000000703E8614E0
[2016.06.14-04.50.03:777][ 79]LogParticles: Destroying 0 GPU particle simulations for FXSystem 0x0000007043F2A7A0
[2016.06.14-04.50.03:777][ 79]LogParticles: Destroying 0 GPU particle simulations for FXSystem 0x00000070402456C0
[2016.06.14-04.50.04:026][ 79]LogExit: Object subsystem successfully closed.
[2016.06.14-04.50.04:052][ 79]LogD3D11RHI: Shutdown
[2016.06.14-04.50.04:052][ 79]LogD3D11RHI: CleanupD3DDevice
[2016.06.14-04.50.04:198][ 79]LogD3D11RHI: ~FD3D11DynamicRHI
[2016.06.14-04.50.04:276][ 79]LogModuleManager: Shutting down and abandoning module ExternalImagePicker (199)
[2016.06.14-04.50.04:276][ 79]LogModuleManager: Shutting down and abandoning module CrashTracker (198)
[2016.06.14-04.50.04:276][ 79]LogModuleManager: Shutting down and abandoning module SceneOutliner (197)
[2016.06.14-04.50.04:276][ 79]LogModuleManager: Shutting down and abandoning module SuperSearch (196)
[2016.06.14-04.50.04:276][ 79]LogModuleManager: Shutting down and abandoning module WidgetCarousel (195)
[2016.06.14-04.50.04:276][ 79]LogModuleManager: Shutting down and abandoning module AddContentDialog (194)
[2016.06.14-04.50.04:286][ 79]LogModuleManager: Shutting down and abandoning module EditorWidgets (193)
[2016.06.14-04.50.04:286][ 79]LogModuleManager: Shutting down and abandoning module CollectionManager (192)
[2016.06.14-04.50.04:287][ 79]LogModuleManager: Shutting down and abandoning module StatsViewer (191)
[2016.06.14-04.50.04:287][ 79]LogModuleManager: Shutting down and abandoning module FoliageEdit (190)
[2016.06.14-04.50.04:287][ 79]LogModuleManager: Shutting down and abandoning module LandscapeEditor (189)
[2016.06.14-04.50.04:287][ 79]LogModuleManager: Shutting down and abandoning module ActorPickerMode (188)
[2016.06.14-04.50.04:287][ 79]LogModuleManager: Shutting down and abandoning module GeometryMode (187)
[2016.06.14-04.50.04:287][ 79]LogModuleManager: Shutting down and abandoning module TextureAlignMode (186)
[2016.06.14-04.50.04:288][ 79]LogModuleManager: Shutting down and abandoning module BspMode (185)
[2016.06.14-04.50.04:288][ 79]LogModuleManager: Shutting down and abandoning module PlacementMode (184)
[2016.06.14-04.50.04:288][ 79]LogModuleManager: Shutting down and abandoning module AutomationWorker (183)
[2016.06.14-04.50.04:288][ 79]LogModuleManager: Shutting down and abandoning module CharacterAI (182)
[2016.06.14-04.50.04:288][ 79]LogModuleManager: Shutting down and abandoning module SmartSnapping (181)
[2016.06.14-04.50.04:288][ 79]LogModuleManager: Shutting down and abandoning module ViewportSnapping (180)
[2016.06.14-04.50.04:288][ 79]LogModuleManager: Shutting down and abandoning module LogVisualizer (179)
[2016.06.14-04.50.04:288][ 79]LogModuleManager: Shutting down and abandoning module GameProjectGeneration (178)
[2016.06.14-04.50.04:288][ 79]LogModuleManager: Shutting down and abandoning module IntroTutorials (177)
[2016.06.14-04.50.04:288][ 79]LogModuleManager: Shutting down and abandoning module EditorLiveStreaming (176)
[2016.06.14-04.50.04:288][ 79]LogModuleManager: Shutting down and abandoning module IOSPlatformEditor (175)
[2016.06.14-04.50.04:288][ 79]LogModuleManager: Shutting down and abandoning module HTML5PlatformEditor (174)
[2016.06.14-04.50.04:288][ 79]LogModuleManager: Shutting down and abandoning module AndroidDeviceDetection (173)
[2016.06.14-04.50.04:507][ 79]LogModuleManager: Shutting down and abandoning module AndroidPlatformEditor (172)
[2016.06.14-04.50.04:507][ 79]LogModuleManager: Shutting down and abandoning module IOSRuntimeSettings (171)
[2016.06.14-04.50.04:507][ 79]LogModuleManager: Shutting down and abandoning module AndroidRuntimeSettings (170)
[2016.06.14-04.50.04:507][ 79]LogModuleManager: Shutting down and abandoning module MergeActors (169)
[2016.06.14-04.50.04:507][ 79]LogModuleManager: Shutting down and abandoning module SizeMap (168)
[2016.06.14-04.50.04:507][ 79]LogModuleManager: Shutting down and abandoning module TreeMap (167)
[2016.06.14-04.50.04:507][ 79]LogModuleManager: Shutting down and abandoning module ReferenceViewer (166)
[2016.06.14-04.50.04:507][ 79]LogModuleManager: Shutting down and abandoning module LocalizationService (165)
[2016.06.14-04.50.04:507][ 79]LogModuleManager: Shutting down and abandoning module LocalizationDashboard (164)
[2016.06.14-04.50.04:507][ 79]LogModuleManager: Shutting down and abandoning module HardwareTargeting (163)
[2016.06.14-04.50.04:507][ 79]LogModuleManager: Shutting down and abandoning module DeviceProfileEditor (162)
[2016.06.14-04.50.04:507][ 79]LogModuleManager: Shutting down and abandoning module UndoHistory (161)
[2016.06.14-04.50.04:507][ 79]LogModuleManager: Shutting down and abandoning module GameplayTagsEditor (160)
[2016.06.14-04.50.04:507][ 79]LogModuleManager: Shutting down and abandoning module UserFeedback (159)
[2016.06.14-04.50.04:507][ 79]LogModuleManager: Shutting down and abandoning module XmlParser (158)
[2016.06.14-04.50.04:507][ 79]LogModuleManager: Shutting down and abandoning module Blutility (157)
[2016.06.14-04.50.04:507][ 79]LogModuleManager: Shutting down and abandoning module ProjectTargetPlatformEditor (156)
[2016.06.14-04.50.04:507][ 79]LogModuleManager: Shutting down and abandoning module ProjectSettingsViewer (155)
[2016.06.14-04.50.04:508][ 79]LogModuleManager: Shutting down and abandoning module InputBindingEditor (154)
[2016.06.14-04.50.04:508][ 79]LogModuleManager: Shutting down and abandoning module EditorSettingsViewer (153)
[2016.06.14-04.50.04:508][ 79]LogModuleManager: Shutting down and abandoning module SettingsEditor (152)
[2016.06.14-04.50.04:508][ 79]LogModuleManager: Shutting down and abandoning module ProjectLauncher (151)
[2016.06.14-04.50.04:508][ 79]LogModuleManager: Shutting down and abandoning module SessionFrontend (150)
[2016.06.14-04.50.04:508][ 79]LogModuleManager: Shutting down and abandoning module ProfilerClient (149)
[2016.06.14-04.50.04:508][ 79]LogModuleManager: Shutting down and abandoning module TargetDeviceServices (148)
[2016.06.14-04.50.04:508][ 79]LogModuleManager: Shutting down and abandoning module DeviceManager (147)
[2016.06.14-04.50.04:509][ 79]LogModuleManager: Shutting down and abandoning module AutomationController (146)
[2016.06.14-04.50.04:509][ 79]LogModuleManager: Shutting down and abandoning module AutomationWindow (145)
[2016.06.14-04.50.04:509][ 79]LogModuleManager: Shutting down and abandoning module Layers (144)
[2016.06.14-04.50.04:509][ 79]LogModuleManager: Shutting down and abandoning module ComponentVisualizers (143)
[2016.06.14-04.50.04:509][ 79]LogModuleManager: Shutting down and abandoning module DetailCustomizations (142)
[2016.06.14-04.50.04:509][ 79]LogModuleManager: Shutting down and abandoning module PackagesDialog (141)
[2016.06.14-04.50.04:509][ 79]LogModuleManager: Shutting down and abandoning module Persona (140)
[2016.06.14-04.50.04:509][ 79]LogModuleManager: Shutting down and abandoning module Kismet (139)
[2016.06.14-04.50.04:509][ 79]LogModuleManager: Shutting down and abandoning module GraphEditor (138)
[2016.06.14-04.50.04:510][ 79]LogModuleManager: Shutting down and abandoning module ClassViewer (137)
[2016.06.14-04.50.04:510][ 79]LogModuleManager: Shutting down and abandoning module Toolbox (136)
[2016.06.14-04.50.04:510][ 79]LogModuleManager: Shutting down and abandoning module ModuleUI (135)
[2016.06.14-04.50.04:510][ 79]LogModuleManager: Shutting down and abandoning module MovieSceneTools (134)
[2016.06.14-04.50.04:510][ 79]LogModuleManager: Shutting down and abandoning module OutputLog (133)
[2016.06.14-04.50.04:510][ 79]LogModuleManager: Shutting down and abandoning module GammaUI (132)
[2016.06.14-04.50.04:510][ 79]LogModuleManager: Shutting down and abandoning module Documentation (131)
[2016.06.14-04.50.04:510][ 79]LogModuleManager: Shutting down and abandoning module GameLiveStreaming (130)
[2016.06.14-04.50.04:510][ 79]LogModuleManager: Shutting down and abandoning module StreamingPauseRendering (129)
[2016.06.14-04.50.04:510][ 79]LogModuleManager: Shutting down and abandoning module AnalyticsET (128)
[2016.06.14-04.50.04:510][ 79]LogModuleManager: Shutting down and abandoning module Analytics (127)
[2016.06.14-04.50.04:510][ 79]LogModuleManager: Shutting down and abandoning module AITestSuite (126)
[2016.06.14-04.50.04:510][ 79]LogModuleManager: Shutting down and abandoning module GameplayDebugger (125)
[2016.06.14-04.50.04:510][ 79]LogModuleManager: Shutting down and abandoning module AIModule (124)
[2016.06.14-04.50.04:510][ 79]LogModuleManager: Shutting down and abandoning module ProfilerService (123)
[2016.06.14-04.50.04:547][ 79]LogModuleManager: Shutting down and abandoning module TaskGraph (122)
[2016.06.14-04.50.04:547][ 79]LogModuleManager: Shutting down and abandoning module SlateRemote (121)
[2016.06.14-04.50.04:547][ 79]LogModuleManager: Shutting down and abandoning module SteamVRController (120)
[2016.06.14-04.50.04:547][ 79]LogModuleManager: Shutting down and abandoning module SteamVR (119)
[2016.06.14-04.50.04:547][ 79]LogModuleManager: Shutting down and abandoning module ProceduralMeshComponent (118)
[2016.06.14-04.50.04:547][ 79]LogModuleManager: Shutting down and abandoning module OculusLibrary (117)
[2016.06.14-04.50.04:547][ 79]LogModuleManager: Shutting down and abandoning module OculusInput (116)
[2016.06.14-04.50.04:547][ 79]LogModuleManager: Shutting down and abandoning module LeapMotionController (115)
[2016.06.14-04.50.04:591][ 79]LogModuleManager: Shutting down and abandoning module CustomMeshComponent (114)
[2016.06.14-04.50.04:591][ 79]LogModuleManager: Shutting down and abandoning module CableComponent (113)
[2016.06.14-04.50.04:591][ 79]LogModuleManager: Shutting down and abandoning module ArchVisCharacter (112)
[2016.06.14-04.50.04:591][ 79]LogModuleManager: Shutting down and abandoning module MessagingDebugger (111)
[2016.06.14-04.50.04:591][ 79]LogModuleManager: Shutting down and abandoning module MediaPlayerEditor (110)
[2016.06.14-04.50.04:591][ 79]LogModuleManager: Shutting down and abandoning module HTML5Networking (109)
[2016.06.14-04.50.04:591][ 79]LogModuleManager: Shutting down and abandoning module SpeedTreeImporter (108)
[2016.06.14-04.50.04:591][ 79]LogModuleManager: Shutting down and abandoning module PluginBrowser (107)
[2016.06.14-04.50.04:591][ 79]LogModuleManager: Shutting down and abandoning module EpicSurvey (106)
[2016.06.14-04.50.04:591][ 79]LogModuleManager: Shutting down and abandoning module DesktopPlatform (105)
[2016.06.14-04.50.04:591][ 79]LogModuleManager: Shutting down and abandoning module VisualStudioSourceCodeAccess (104)
[2016.06.14-04.50.04:591][ 79]LogModuleManager: Shutting down and abandoning module UObjectPlugin (103)
[2016.06.14-04.50.04:591][ 79]LogModuleManager: Shutting down and abandoning module SubversionSourceControl (102)
[2016.06.14-04.50.04:591][ 79]LogModuleManager: Shutting down and abandoning module PerforceSourceControl (101)
[2016.06.14-04.50.04:591][ 79]LogModuleManager: Shutting down and abandoning module SourceControl (100)
[2016.06.14-04.50.04:591][ 79]LogModuleManager: Shutting down and abandoning module GitSourceControl (99)
[2016.06.14-04.50.04:591][ 79]LogModuleManager: Shutting down and abandoning module LightPropagationVolumeEditor (98)
[2016.06.14-04.50.04:591][ 79]LogModuleManager: Shutting down and abandoning module PaperTiledImporter (97)
[2016.06.14-04.50.04:591][ 79]LogModuleManager: Shutting down and abandoning module PaperSpriteSheetImporter (96)
[2016.06.14-04.50.04:591][ 79]LogModuleManager: Shutting down and abandoning module MeshPaint (95)
[2016.06.14-04.50.04:591][ 79]LogModuleManager: Shutting down and abandoning module SlateReflector (94)
[2016.06.14-04.50.04:591][ 79]LogModuleManager: Shutting down and abandoning module HotReload (93)
[2016.06.14-04.50.04:592][ 79]LogModuleManager: Shutting down and abandoning module MainFrame (92)
[2016.06.14-04.50.04:592][ 79]LogModuleManager: Shutting down and abandoning module LevelEditor (91)
[2016.06.14-04.50.04:593][ 79]LogModuleManager: Shutting down and abandoning module DirectoryWatcher (90)
[2016.06.14-04.50.04:603][ 79]LogModuleManager: Shutting down and abandoning module AssetRegistry (89)
[2016.06.14-04.50.04:691][ 79]LogModuleManager: Shutting down and abandoning module ContentBrowser (88)
[2016.06.14-04.50.04:692][ 79]LogModuleManager: Shutting down and abandoning module Paper2DEditor (87)
[2016.06.14-04.50.04:692][ 79]LogModuleManager: Shutting down and abandoning module UdpMessaging (86)
[2016.06.14-04.50.04:793][ 79]LogModuleManager: Shutting down and abandoning module LightPropagationVolumeRuntime (85)
[2016.06.14-04.50.04:793][ 79]LogModuleManager: Shutting down and abandoning module Paper2D (84)
[2016.06.14-04.50.04:793][ 79]LogModuleManager: Shutting down and abandoning module WindowsMoviePlayer (83)
[2016.06.14-04.50.04:803][ 79]LogModuleManager: Shutting down and abandoning module Media (82)
[2016.06.14-04.50.04:803][ 79]LogModuleManager: Shutting down and abandoning module WmfMedia (81)
[2016.06.14-04.50.04:803][ 79]LogModuleManager: Shutting down and abandoning module OnlineBlueprintSupport (80)
[2016.06.14-04.50.04:803][ 79]LogModuleManager: Shutting down and abandoning module GameplayTasksEditor (79)
[2016.06.14-04.50.04:803][ 79]LogModuleManager: Shutting down and abandoning module PropertyEditor (78)
[2016.06.14-04.50.04:803][ 79]LogModuleManager: Shutting down and abandoning module BehaviorTreeEditor (77)
[2016.06.14-04.50.04:804][ 79]LogModuleManager: Shutting down and abandoning module FunctionalTesting (76)
[2016.06.14-04.50.04:804][ 79]LogModuleManager: Shutting down and abandoning module CollisionAnalyzer (75)
[2016.06.14-04.50.04:804][ 79]LogModuleManager: Shutting down and abandoning module WorkspaceMenuStructure (74)
[2016.06.14-04.50.04:804][ 79]LogModuleManager: Shutting down and abandoning module MessageLog (73)
[2016.06.14-04.50.04:804][ 79]LogModuleManager: Shutting down and abandoning module Sequencer (72)
[2016.06.14-04.50.04:804][ 79]LogModuleManager: Shutting down and abandoning module AssetTools (71)
[2016.06.14-04.50.04:804][ 79]LogModuleManager: Shutting down and abandoning module UMGEditor (70)
[2016.06.14-04.50.04:804][ 79]LogModuleManager: Shutting down and abandoning module UMG (69)
[2016.06.14-04.50.04:804][ 79]LogModuleManager: Shutting down and abandoning module Slate (68)
[2016.06.14-04.50.04:804][ 79]LogModuleManager: Shutting down and abandoning module EditorStyle (67)
[2016.06.14-04.50.04:816][ 79]LogModuleManager: Shutting down and abandoning module SessionServices (66)
[2016.06.14-04.50.04:816][ 79]LogModuleManager: Shutting down and abandoning module SourceCodeAccess (65)
[2016.06.14-04.50.04:816][ 79]LogModuleManager: Shutting down and abandoning module HeadMountedDisplay (64)
[2016.06.14-04.50.04:816][ 79]LogModuleManager: Shutting down and abandoning module XAudio2 (63)
[2016.06.14-04.50.04:816][ 79]LogModuleManager: Shutting down and abandoning module Networking (61)
[2016.06.14-04.50.04:816][ 79]LogModuleManager: Shutting down and abandoning module Core (60)
[2016.06.14-04.50.04:816][ 79]LogModuleManager: Shutting down and abandoning module KismetCompiler (59)
[2016.06.14-04.50.04:816][ 79]LogModuleManager: Shutting down and abandoning module PhysXFormats (58)
[2016.06.14-04.50.04:816][ 79]LogModuleManager: Shutting down and abandoning module MeshUtilities (57)
[2016.06.14-04.50.04:816][ 79]LogModuleManager: Shutting down and abandoning module DerivedDataCache (56)
[2016.06.14-04.50.04:863][ 79]LogDerivedDataCache: Shutdown
[2016.06.14-04.50.04:864][ 79]LogModuleManager: Shutting down and abandoning module ShaderFormatOpenGL (55)
[2016.06.14-04.50.04:864][ 79]LogModuleManager: Shutting down and abandoning module ShaderFormatD3D (54)
[2016.06.14-04.50.04:864][ 79]LogModuleManager: Shutting down and abandoning module MetalShaderFormat (53)
[2016.06.14-04.50.04:864][ 79]LogModuleManager: Shutting down and abandoning module TextureFormatUncompressed (52)
[2016.06.14-04.50.04:864][ 79]LogModuleManager: Shutting down and abandoning module TextureFormatPVR (51)
[2016.06.14-04.50.04:864][ 79]LogModuleManager: Shutting down and abandoning module TextureFormatIntelISPCTexComp (50)
[2016.06.14-04.50.04:864][ 79]LogModuleManager: Shutting down and abandoning module TextureFormatDXT (49)
[2016.06.14-04.50.04:864][ 79]LogModuleManager: Shutting down and abandoning module ImageWrapper (48)
[2016.06.14-04.50.04:864][ 79]LogModuleManager: Shutting down and abandoning module TextureFormatASTC (47)
[2016.06.14-04.50.04:864][ 79]LogModuleManager: Shutting down and abandoning module TextureFormatAndroid (46)
[2016.06.14-04.50.04:864][ 79]LogModuleManager: Shutting down and abandoning module AudioFormatOpus (45)
[2016.06.14-04.50.04:864][ 79]LogModuleManager: Shutting down and abandoning module AudioFormatOgg (44)
[2016.06.14-04.50.04:864][ 79]LogModuleManager: Shutting down and abandoning module AudioFormatADPCM (43)
[2016.06.14-04.50.04:864][ 79]LogModuleManager: Shutting down and abandoning module LinuxTargetPlatform (42)
[2016.06.14-04.50.04:864][ 79]LogModuleManager: Shutting down and abandoning module LinuxServerTargetPlatform (41)
[2016.06.14-04.50.04:864][ 79]LogModuleManager: Shutting down and abandoning module LinuxNoEditorTargetPlatform (40)
[2016.06.14-04.50.04:864][ 79]LogModuleManager: Shutting down and abandoning module Messaging (39)
[2016.06.14-04.50.04:864][ 79]LogModuleManager: Shutting down and abandoning module IOSTargetPlatform (38)
[2016.06.14-04.50.04:864][ 79]LogModuleManager: Shutting down and abandoning module HTML5TargetPlatform (37)
[2016.06.14-04.50.04:864][ 79]LogModuleManager: Shutting down and abandoning module Android_PVRTCTargetPlatform (36)
[2016.06.14-04.50.04:864][ 79]LogModuleManager: Shutting down and abandoning module Android_MultiTargetPlatform (35)
[2016.06.14-04.50.04:864][ 79]LogModuleManager: Shutting down and abandoning module Android_ETC2TargetPlatform (34)
[2016.06.14-04.50.04:864][ 79]LogModuleManager: Shutting down and abandoning module Android_ETC1TargetPlatform (33)
[2016.06.14-04.50.04:864][ 79]LogModuleManager: Shutting down and abandoning module Android_DXTTargetPlatform (32)
[2016.06.14-04.50.04:864][ 79]LogModuleManager: Shutting down and abandoning module Android_ATCTargetPlatform (31)
[2016.06.14-04.50.04:864][ 79]LogModuleManager: Shutting down and abandoning module Android_ASTCTargetPlatform (30)
[2016.06.14-04.50.04:864][ 79]LogModuleManager: Shutting down and abandoning module AndroidTargetPlatform (29)
[2016.06.14-04.50.04:864][ 79]LogModuleManager: Shutting down and abandoning module WindowsTargetPlatform (28)
[2016.06.14-04.50.04:865][ 79]LogModuleManager: Shutting down and abandoning module WindowsServerTargetPlatform (27)
[2016.06.14-04.50.04:865][ 79]LogModuleManager: Shutting down and abandoning module WindowsNoEditorTargetPlatform (26)
[2016.06.14-04.50.04:865][ 79]LogModuleManager: Shutting down and abandoning module WindowsClientTargetPlatform (25)
[2016.06.14-04.50.04:865][ 79]LogModuleManager: Shutting down and abandoning module AllDesktopTargetPlatform (24)
[2016.06.14-04.50.04:865][ 79]LogModuleManager: Shutting down and abandoning module TargetPlatform (23)
[2016.06.14-04.50.04:865][ 79]LogModuleManager: Shutting down and abandoning module InputCore (22)
[2016.06.14-04.50.04:865][ 79]LogModuleManager: Shutting down and abandoning module Settings (21)
[2016.06.14-04.50.04:865][ 79]LogModuleManager: Shutting down and abandoning module OnlineSubsystem (19)
[2016.06.14-04.50.04:865][ 79]LogModuleManager: Shutting down and abandoning module HTTP (18)
[2016.06.14-04.50.06:873][ 79]LogModuleManager: Shutting down and abandoning module XMPP (17)
[2016.06.14-04.50.06:874][ 79]LogModuleManager: Shutting down and abandoning module OculusRift (16)
[2016.06.14-04.50.06:874][ 79]LogModuleManager: Shutting down and abandoning module ExampleDeviceProfileSelector (15)
[2016.06.14-04.50.06:874][ 79]LogModuleManager: Shutting down and abandoning module TextureCompressor (14)
[2016.06.14-04.50.06:874][ 79]LogModuleManager: Shutting down and abandoning module ShaderCore (13)
[2016.06.14-04.50.06:874][ 79]LogModuleManager: Shutting down and abandoning module Landscape (12)
[2016.06.14-04.50.06:874][ 79]LogModuleManager: Shutting down and abandoning module SlateRHIRenderer (11)
[2016.06.14-04.50.06:881][ 79]LogModuleManager: Shutting down and abandoning module OpenGLDrv (10)
[2016.06.14-04.50.06:881][ 79]LogModuleManager: Shutting down and abandoning module D3D11RHI (9)
[2016.06.14-04.50.06:881][ 79]LogModuleManager: Shutting down and abandoning module AnimGraphRuntime (8)
[2016.06.14-04.50.06:881][ 79]LogModuleManager: Shutting down and abandoning module Renderer (7)
[2016.06.14-04.50.06:881][ 79]LogModuleManager: Shutting down and abandoning module Engine (6)
[2016.06.14-04.50.06:881][ 79]LogModuleManager: Shutting down and abandoning module CoreUObject (5)
[2016.06.14-04.50.06:881][ 79]LogModuleManager: Shutting down and abandoning module NetworkFile (4)
[2016.06.14-04.50.06:881][ 79]LogModuleManager: Shutting down and abandoning module StreamingFile (3)
[2016.06.14-04.50.06:881][ 79]LogModuleManager: Shutting down and abandoning module SandboxFile (2)
[2016.06.14-04.50.06:881][ 79]LogModuleManager: Shutting down and abandoning module PakFile (1)
[2016.06.14-04.50.06:884][ 79]LogExit: Exiting.
[2016.06.14-04.50.06:922][ 79]Log file closed, 06/13/16 23:50:06
